<?xml version="1.0" encoding="UTF-8"?>
<testsuite name="com.galvanize.QueueTest" tests="6" skipped="0" failures="0" errors="0" timestamp="2021-05-06T17:03:11" hostname="LAPTOP-A8GBKPQ8" time="0.04">
  <properties/>
  <testcase name="peek_QueueIsEmpty_returnNull()" classname="com.galvanize.QueueTest" time="0.026"/>
  <testcase name="isQueueEmpty()" classname="com.galvanize.QueueTest" time="0.003"/>
  <testcase name="add_oneItem()" classname="com.galvanize.QueueTest" time="0.003"/>
  <testcase name="canAddItemsToTheBackOfTheQueue()" classname="com.galvanize.QueueTest" time="0.0"/>
  <testcase name="remove_returnsFirstItem()" classname="com.galvanize.QueueTest" time="0.003"/>
  <testcase name="addFourNodes_removeNodes_queueShouldBeEmpty()" classname="com.galvanize.QueueTest" time="0.001"/>
  <system-out><![CDATA[]]></system-out>
  <system-err><![CDATA[]]></system-err>
</testsuite>
